{"level":50,"time":1672533543259,"pid":10979,"hostname":"MacBook-Pro-de-Manuel.local","msg":"couldn't get view URL: / error 500:Error: error de pruebita"}
{"level":50,"time":1672775050196,"pid":59591,"hostname":"MacBook-Pro-de-Manuel.local","msg":"couldn't get view URL: /account error 500:ReferenceError: user is not defined"}
{"level":50,"time":1672775060686,"pid":59591,"hostname":"MacBook-Pro-de-Manuel.local","msg":"couldn't get view URL: /account error 500:ReferenceError: user is not defined"}
{"level":50,"time":1672775123756,"pid":59640,"hostname":"MacBook-Pro-de-Manuel.local","msg":"couldn't get view URL: /account error 500:ReferenceError: user is not defined"}
{"level":50,"time":1672777585890,"pid":60663,"hostname":"MacBook-Pro-de-Manuel.local","msg":"couldn't get view URL: /cart error 500 :TypeError: Cannot read properties of undefined (reading 'id')"}
{"level":50,"time":1672777679596,"pid":60663,"hostname":"MacBook-Pro-de-Manuel.local","msg":"couldn't get view URL: /cart error 500 :TypeError: Cannot read properties of undefined (reading 'id')"}
{"level":50,"time":1672777995046,"pid":60880,"hostname":"MacBook-Pro-de-Manuel.local","msg":"couldn't get view URL: /cart error 500 :TypeError: Cannot read properties of undefined (reading 'id')"}
{"level":50,"time":1672779439557,"pid":61509,"hostname":"MacBook-Pro-de-Manuel.local","msg":"couldn't get view URL: /cart/1 error 500 :TypeError: Cannot read properties of undefined (reading 'id')"}
{"level":50,"time":1672779442717,"pid":61509,"hostname":"MacBook-Pro-de-Manuel.local","msg":"couldn't get view URL: /cart/1 error 500 :TypeError: Cannot read properties of undefined (reading 'id')"}
{"level":50,"time":1672779490944,"pid":61563,"hostname":"MacBook-Pro-de-Manuel.local","msg":"couldn't get view URL: /cart/1 error 500 :TypeError: Cannot read properties of undefined (reading 'id')"}
{"level":50,"time":1672779920048,"pid":61832,"hostname":"MacBook-Pro-de-Manuel.local","msg":"couldn't get view URL: /category?category=du || error 500:ReferenceError: user is not defined"}
{"level":50,"time":1672865653795,"pid":84985,"hostname":"MacBook-Pro-de-Manuel.local","msg":"Couldn't upload the product into the cart' -> http://localhost:8080/api/carts/addToCart Method: POST || error 500:\n            TypeError: Cannot read properties of undefined (reading 'id')\n            cart.controller: addProducts"}
{"level":50,"time":1672865655412,"pid":84985,"hostname":"MacBook-Pro-de-Manuel.local","msg":"Couldn't upload the product into the cart' -> http://localhost:8080/api/carts/addToCart Method: POST || error 500:\n            TypeError: Cannot read properties of undefined (reading 'id')\n            cart.controller: addProducts"}
{"level":50,"time":1672865656305,"pid":84985,"hostname":"MacBook-Pro-de-Manuel.local","msg":"Couldn't upload the product into the cart' -> http://localhost:8080/api/carts/addToCart Method: POST || error 500:\n            TypeError: Cannot read properties of undefined (reading 'id')\n            cart.controller: addProducts"}
{"level":50,"time":1672865820991,"pid":84985,"hostname":"MacBook-Pro-de-Manuel.local","msg":"Couldn't upload the product into the cart' -> http://localhost:8080/api/carts/addToCart Method: POST || error 500:\n            TypeError: Cannot read properties of undefined (reading 'id')\n            cart.controller: addProducts"}
{"level":50,"time":1672865865128,"pid":85152,"hostname":"MacBook-Pro-de-Manuel.local","msg":"Couldn't upload the product into the cart' -> http://localhost:8080/api/carts/addToCart Method: POST || error 500:\n            TypeError: Cannot read properties of undefined (reading 'id')\n            cart.controller: addProducts"}
{"level":50,"time":1672866008344,"pid":85152,"hostname":"MacBook-Pro-de-Manuel.local","msg":"Couldn't upload the product into the cart' -> http://localhost:8080/api/carts/addToCart Method: POST || error 500:\n            TypeError: Cannot read properties of undefined (reading 'id')\n            cart.controller: addProducts"}
{"level":50,"time":1672866011511,"pid":85152,"hostname":"MacBook-Pro-de-Manuel.local","msg":"Couldn't upload the product into the cart' -> http://localhost:8080/api/carts/addToCart Method: POST || error 500:\n            TypeError: Cannot read properties of undefined (reading 'id')\n            cart.controller: addProducts"}
{"level":50,"time":1672866040945,"pid":85269,"hostname":"MacBook-Pro-de-Manuel.local","msg":"Couldn't upload the product into the cart' -> http://localhost:8080/api/carts/addToCart Method: POST || error 500:\n            TypeError: Cannot read properties of undefined (reading 'id')\n            cart.controller: addProducts"}
{"level":50,"time":1672866776294,"pid":85588,"hostname":"MacBook-Pro-de-Manuel.local","msg":"Couldn't upload the product into the cart' -> http://localhost:8080/api/carts/addToCart Method: POST || error 500:\n            TypeError: Cannot read properties of undefined (reading 'id')\n            cart.controller: addProducts"}
{"level":50,"time":1672872107848,"pid":88247,"hostname":"MacBook-Pro-de-Manuel.local","msg":"Couldn't upload the product into the cart' -> http://localhost:8080/api/carts/addToCart Method: POST || error 500:\n            TypeError: Cannot read properties of undefined (reading 'id')\n            cart.controller: addProducts"}
{"level":50,"time":1672872112148,"pid":88247,"hostname":"MacBook-Pro-de-Manuel.local","msg":"Couldn't upload the product into the cart' -> http://localhost:8080/api/carts/addToCart Method: POST || error 500:\n            TypeError: Cannot read properties of undefined (reading 'id')\n            cart.controller: addProducts"}
{"level":50,"time":1672872112760,"pid":88247,"hostname":"MacBook-Pro-de-Manuel.local","msg":"Couldn't upload the product into the cart' -> http://localhost:8080/api/carts/addToCart Method: POST || error 500:\n            TypeError: Cannot read properties of undefined (reading 'id')\n            cart.controller: addProducts"}
{"level":50,"time":1672872113728,"pid":88247,"hostname":"MacBook-Pro-de-Manuel.local","msg":"Couldn't upload the product into the cart' -> http://localhost:8080/api/carts/addToCart Method: POST || error 500:\n            TypeError: Cannot read properties of undefined (reading 'id')\n            cart.controller: addProducts"}
