{"level":50,"time":1669655594372,"pid":50346,"hostname":"MacBook-Pro-de-Manuel.local","msg":"Couldn't upload the product into the cart | Method: POST | URL: /api/carts/addToCart"}
{"level":50,"time":1669655622836,"pid":50346,"hostname":"MacBook-Pro-de-Manuel.local","msg":"Couldn't upload the product into the cart | Method: POST | URL: /api/carts/addToCart"}
{"level":50,"time":1669922924681,"pid":85119,"hostname":"MacBook-Pro-de-Manuel.local","msg":"Couldn't upload the product into the cart | Method: POST | URL: /api/carts/addToCart"}
{"level":50,"time":1669922960877,"pid":85119,"hostname":"MacBook-Pro-de-Manuel.local","msg":"Couldn't upload the product into the cart | Method: POST | URL: /api/carts/addToCart"}
{"level":50,"time":1669923011771,"pid":85182,"hostname":"MacBook-Pro-de-Manuel.local","msg":"Couldn't upload the product into the cart | Method: POST | URL: /api/carts/addToCart"}
{"level":50,"time":1669923160835,"pid":85274,"hostname":"MacBook-Pro-de-Manuel.local","msg":"Couldn't upload the product into the cart | Method: POST | URL: /api/carts/addToCart"}
{"level":50,"time":1669923278611,"pid":85359,"hostname":"MacBook-Pro-de-Manuel.local","msg":"Couldn't upload the product into the cart | Method: POST | URL: /api/carts/addToCart"}
{"level":50,"time":1669923445579,"pid":85459,"hostname":"MacBook-Pro-de-Manuel.local","msg":"Couldn't upload the product into the cart | Method: POST | URL: /api/carts/addToCart"}
{"level":50,"time":1669923586748,"pid":85542,"hostname":"MacBook-Pro-de-Manuel.local","msg":"Couldn't upload the product into the cart | Method: POST | URL: /api/carts/addToCart"}
{"level":50,"time":1669923620109,"pid":85583,"hostname":"MacBook-Pro-de-Manuel.local","msg":"Couldn't upload the product into the cart | Method: POST | URL: /api/carts/addToCart"}
{"level":50,"time":1669923676336,"pid":85632,"hostname":"MacBook-Pro-de-Manuel.local","msg":"Couldn't upload the product into the cart | Method: POST | URL: /api/carts/addToCart"}
{"level":50,"time":1669923726023,"pid":85681,"hostname":"MacBook-Pro-de-Manuel.local","msg":"Couldn't upload the product into the cart | Method: POST | URL: /api/carts/addToCart"}
{"level":50,"time":1669923868656,"pid":85766,"hostname":"MacBook-Pro-de-Manuel.local","msg":"Couldn't upload the product into the cart | Method: POST | URL: /api/carts/addToCart"}
{"level":50,"time":1669924102066,"pid":85848,"hostname":"MacBook-Pro-de-Manuel.local","msg":"Couldn't upload the product into the cart | Method: POST | URL: /api/carts/addToCart"}
{"level":50,"time":1669924143149,"pid":85927,"hostname":"MacBook-Pro-de-Manuel.local","msg":"Couldn't upload the product into the cart | Method: POST | URL: /api/carts/addToCart"}
{"level":50,"time":1669924316538,"pid":86014,"hostname":"MacBook-Pro-de-Manuel.local","msg":"Couldn't upload the product into the cart | Method: POST | URL: /api/carts/addToCart"}
{"level":50,"time":1669924365803,"pid":86074,"hostname":"MacBook-Pro-de-Manuel.local","msg":"Couldn't upload the product into the cart | Method: POST | URL: /api/carts/addToCart"}
{"level":50,"time":1669924416893,"pid":86122,"hostname":"MacBook-Pro-de-Manuel.local","msg":"Couldn't upload the product into the cart | Method: POST | URL: /api/carts/addToCart"}
{"level":50,"time":1669925678214,"pid":86659,"hostname":"MacBook-Pro-de-Manuel.local","msg":"Couldn't upload the product into the cart | Method: POST | URL: /api/carts/addToCart"}
{"level":50,"time":1669925726996,"pid":86710,"hostname":"MacBook-Pro-de-Manuel.local","msg":"Couldn't upload the product into the cart | Method: POST | URL: /api/carts/addToCart"}
{"level":50,"time":1669925733079,"pid":86710,"hostname":"MacBook-Pro-de-Manuel.local","msg":"Couldn't upload the product into the cart | Method: POST | URL: /api/carts/addToCart"}
{"level":50,"time":1669925852574,"pid":86796,"hostname":"MacBook-Pro-de-Manuel.local","msg":"Couldn't upload the product into the cart | Method: POST | URL: /api/carts/addToCart"}
{"level":50,"time":1669925898305,"pid":86836,"hostname":"MacBook-Pro-de-Manuel.local","msg":"Couldn't upload the product into the cart | Method: POST | URL: /api/carts/addToCart"}
{"level":50,"time":1669948149780,"pid":96459,"hostname":"MacBook-Pro-de-Manuel.local","msg":"Couldn't upload the product into the cart | Method: POST | URL: /api/carts/addToCart"}
{"level":50,"time":1669948482227,"pid":96669,"hostname":"MacBook-Pro-de-Manuel.local","msg":"Couldn't upload the product into the cart | Method: POST | URL: /api/carts/addToCart"}
{"level":50,"time":1669948489524,"pid":96669,"hostname":"MacBook-Pro-de-Manuel.local","msg":"Couldn't upload the product into the cart | Method: POST | URL: /api/carts/addToCart"}
{"level":50,"time":1669950163009,"pid":97602,"hostname":"MacBook-Pro-de-Manuel.local","msg":"Couldn't upload the product into the cart | Method: POST | URL: /api/carts/addToCart"}
{"level":50,"time":1669951837111,"pid":98586,"hostname":"MacBook-Pro-de-Manuel.local","msg":"Couldn't upload the product into the cart | Method: POST | URL: /api/carts/addToCart"}
{"level":50,"time":1669951855279,"pid":98586,"hostname":"MacBook-Pro-de-Manuel.local","msg":"Couldn't upload the product into the cart | Method: POST | URL: /api/carts/addToCart"}
{"level":50,"time":1669951857941,"pid":98586,"hostname":"MacBook-Pro-de-Manuel.local","msg":"Couldn't upload the product into the cart | Method: POST | URL: /api/carts/addToCart"}
{"level":50,"time":1669952443678,"pid":98879,"hostname":"MacBook-Pro-de-Manuel.local","msg":"Couldn't upload the product into the cart | Method: POST | URL: /api/carts/addToCart"}
{"level":50,"time":1669952798791,"pid":99084,"hostname":"MacBook-Pro-de-Manuel.local","msg":"Couldn't upload the product into the cart | Method: POST | URL: /api/carts/addToCart"}
{"level":50,"time":1669989144043,"pid":2419,"hostname":"MacBook-Pro-de-Manuel.local","msg":"Couldn't upload the product into the cart | Method: POST | URL: /api/carts/addToCart"}
{"level":50,"time":1669989912322,"pid":2811,"hostname":"MacBook-Pro-de-Manuel.local","msg":"Couldn't upload the product into the cart | Method: POST | URL: /api/carts/addToCart"}
{"level":50,"time":1670248641428,"pid":43555,"hostname":"MacBook-Pro-de-Manuel.local","msg":"Couldn't upload the product into the cart | Method: POST | URL: /api/carts/addToCart"}
{"level":50,"time":1670248923710,"pid":43732,"hostname":"MacBook-Pro-de-Manuel.local","msg":"Couldn't upload the product into the cart | Method: POST | URL: /api/carts/addToCart"}
{"level":50,"time":1670248930987,"pid":43732,"hostname":"MacBook-Pro-de-Manuel.local","msg":"Couldn't upload the product into the cart | Method: POST | URL: /api/carts/addToCart"}
{"level":40,"time":1672335669332,"pid":61009,"hostname":"MacBook-Pro-de-Manuel.local","msg":"route not implemented -> /api/wishlist/63adcf8b391fd41185bc4932/product/6367da3273d3877d5465e036"}
{"level":50,"time":1672335700503,"pid":61009,"hostname":"MacBook-Pro-de-Manuel.local","msg":"Couldn't upload the product into the wish list | Method: POST | URL: /api/wishlist/63adcf8b391fd41185bc4932/product/6367da3273d3877d5465e036"}
{"level":50,"time":1672335817444,"pid":61110,"hostname":"MacBook-Pro-de-Manuel.local","msg":"Couldn't upload the product into the wish list | Method: POST | URL: /api/wishlist/63adcf8b391fd41185bc4932/product/6367da3273d3877d5465e036"}
{"level":50,"time":1672335851451,"pid":61148,"hostname":"MacBook-Pro-de-Manuel.local","msg":"Couldn't upload the product into the wish list | Method: POST | URL: /api/wishlist/63adcf8b391fd41185bc4932/product/6367da3273d3877d5465e036"}
{"level":50,"time":1672336065945,"pid":61272,"hostname":"MacBook-Pro-de-Manuel.local","msg":"Couldn't upload the product into the wish list | Method: POST | URL: /api/wishlist/63adcf8b391fd41185bc4932/product/6367da3273d3877d5465e036"}
{"level":50,"time":1672336163372,"pid":61342,"hostname":"MacBook-Pro-de-Manuel.local","msg":"Couldn't upload the product into the wish list | Method: POST | URL: /api/wishlist/63adcf8b391fd41185bc4932/product/6367da3273d3877d5465e036"}
{"level":50,"time":1672336282799,"pid":61411,"hostname":"MacBook-Pro-de-Manuel.local","msg":"Couldn't upload the product into the wish list | Method: POST | URL: /api/wishlist/63adcf8b391fd41185bc4932/product/6367da3273d3877d5465e036"}
{"level":50,"time":1672336318825,"pid":61450,"hostname":"MacBook-Pro-de-Manuel.local","msg":"Couldn't upload the product into the wish list | Method: POST | URL: /api/wishlist/63adcf8b391fd41185bc4932/product/6367da3273d3877d5465e036"}
{"level":50,"time":1672336559246,"pid":61597,"hostname":"MacBook-Pro-de-Manuel.local","msg":"Couldn't upload the product into the wish list | Method: POST | URL: /api/wishlist/63adcf8b391fd41185bc4932/product/6367da3273d3877d5465e036"}
{"level":40,"time":1672340271431,"pid":63239,"hostname":"MacBook-Pro-de-Manuel.local","msg":"route not implemented -> /api/wishlist/63adcf8b391fd41185bc4932/emptyft Method: DELETE"}
{"level":40,"time":1672346305115,"pid":65857,"hostname":"MacBook-Pro-de-Manuel.local","msg":"route not implemented -> /api/wishlist Method: GET"}
{"level":40,"time":1672346316900,"pid":65857,"hostname":"MacBook-Pro-de-Manuel.local","msg":"route not implemented -> /api/wishlist Method: GET"}
{"level":40,"time":1672346392883,"pid":65857,"hostname":"MacBook-Pro-de-Manuel.local","msg":"route not implemented -> /api/wishlist/ Method: GET"}
{"level":40,"time":1672346422356,"pid":65857,"hostname":"MacBook-Pro-de-Manuel.local","msg":"route not implemented -> /api/products Method: GET"}
{"level":40,"time":1672346488608,"pid":65857,"hostname":"MacBook-Pro-de-Manuel.local","msg":"route not implemented -> /api/carts Method: GET"}
{"level":40,"time":1672347551398,"pid":66370,"hostname":"MacBook-Pro-de-Manuel.local","msg":"route not implemented -> /api/wishlist/ Method: GET"}
{"level":40,"time":1672347553267,"pid":66370,"hostname":"MacBook-Pro-de-Manuel.local","msg":"route not implemented -> /api/wishlist/ Method: GET"}
{"level":40,"time":1672347567345,"pid":66370,"hostname":"MacBook-Pro-de-Manuel.local","msg":"route not implemented -> /api/wishlist/ Method: POST"}
{"level":40,"time":1672347572817,"pid":66370,"hostname":"MacBook-Pro-de-Manuel.local","msg":"route not implemented -> /api/wishlist/ Method: GET"}
{"level":40,"time":1672347719909,"pid":66459,"hostname":"MacBook-Pro-de-Manuel.local","msg":"route not implemented -> /api/wishlist/ Method: GET"}
{"level":40,"time":1672348075308,"pid":66633,"hostname":"MacBook-Pro-de-Manuel.local","msg":"route not implemented -> /api/wishlist/ Method: GET"}
{"level":40,"time":1672348093117,"pid":66663,"hostname":"MacBook-Pro-de-Manuel.local","msg":"route not implemented -> /api/wishlist/ Method: GET"}
{"level":40,"time":1672348095398,"pid":66663,"hostname":"MacBook-Pro-de-Manuel.local","msg":"route not implemented -> /api/wishlist/ Method: GET"}
{"level":40,"time":1672348259092,"pid":66744,"hostname":"MacBook-Pro-de-Manuel.local","msg":"route not implemented -> /api/wishlist/ Method: GET"}
{"level":40,"time":1672348292420,"pid":66779,"hostname":"MacBook-Pro-de-Manuel.local","msg":"route not implemented -> /api/wishlist/ Method: GET"}
{"level":40,"time":1672348832911,"pid":67100,"hostname":"MacBook-Pro-de-Manuel.local","msg":"route not implemented -> /api/wishlista Method: GET"}
{"level":40,"time":1672348861214,"pid":67100,"hostname":"MacBook-Pro-de-Manuel.local","msg":"route not implemented -> /api/productso Method: GET"}
